8 [140424507944000] INFO perfrun.launcher <> - Launcher main begin
8 [140424507944000] INFO perfrun.launcher <> - MessageCatalogInit finished
8 [140424507944000] INFO perfrun.launcher <> - Launcher instance created
9 [140424507944000] INFO perfrun.launcher <> - argc = 6; cmdline = /opt/intel/oneapi/advisor/2023.2.0/bin64/advixe-runss -dump-vdso -r /home/stud/S5892646/Downloads/MandlebrotProject/e000/hs001 --tmp-dir /tmp/advixe-tmp-S5892646 
33 [140424507944000] INFO perfrun.launcher <> - create msngr2::ICliToolContext
33 [140424507944000] INFO perfrun.launcher <> - create file finder object
34 [140424356292288] INFO perfrun.launcher <> - plugin [remoteplug] was disabled because it doesn't support the given collection type.
34 [140424356292288] INFO perfrun.launcher <> - plugin [system] was disabled because it doesn't support the given collection type.
34 [140424356292288] INFO perfrun.vdso <> - dumping [vdso] pseudomodule
37 [140424356292288] INFO perfrun.launcher <> - plugin [itt] was disabled because it doesn't support the given collection type.
37 [140424356292288] INFO perfrun.launcher <> - plugin [] was disabled because it doesn't support the given collection type.
37 [140424356292288] INFO perfrun.launcher <> - plugin [gpu] was disabled because it doesn't support the given collection type.
37 [140424356292288] INFO perfrun.launcher <> - plugin [] was disabled because it doesn't support the given collection type.
37 [140424356292288] INFO perfrun.launcher <> - plugin [] was disabled because it doesn't support the given collection type.
37 [140424356292288] INFO perfrun.launcher <> - plugin [] was disabled because it doesn't support the given collection type.
37 [140424356292288] INFO perfrun.launcher <> - plugin [mrte] was disabled because it doesn't support the given collection type.
37 [140424356292288] INFO perfrun.launcher <> - plugin [] was disabled because it doesn't support the given collection type.
37 [140424356292288] INFO perfrun.launcher <> - plugin [] was disabled because it doesn't support the given collection type.
37 [140424356292288] INFO perfrun.launcher <> - plugin [] was disabled because it doesn't support the given collection type.
37 [140424356292288] INFO perfrun.launcher <> - plugin [] was disabled because it doesn't support the given collection type.
37 [140424356292288] INFO perfrun.launcher <> - plugin [] was disabled because it doesn't support the given collection type.
37 [140424356292288] INFO perfrun.launcher <> - plugin [] was disabled because it doesn't support the given collection type.
37 [140424356292288] INFO perfrun.launcher <> - plugin [] was disabled because it doesn't support the given collection type.
37 [140424356292288] INFO perfrun.launcher <> - plugin [tpss] was disabled because it doesn't support the given collection type.
37 [140424356292288] INFO perfrun.launcher <> - plugin [] was disabled because it doesn't support the given collection type.
37 [140424356292288] INFO perfrun.launcher <> - plugin [] was disabled because it doesn't support the given collection type.
37 [140424356292288] INFO perfrun.launcher <> - plugin [] was disabled because it doesn't support the given collection type.
37 [140424356292288] INFO perfrun.launcher <> - plugin [] was disabled because it doesn't support the given collection type.
37 [140424356292288] INFO perfrun.launcher <> - plugin [] was disabled because it doesn't support the given collection type.
37 [140424356292288] INFO perfrun.launcher <> - plugin [] was disabled because it doesn't support the given collection type.
37 [140424356292288] INFO perfrun.launcher <> - plugin [] was disabled because it doesn't support the given collection type.
37 [140424356292288] INFO perfrun.launcher <> - plugin [] was disabled because it doesn't support the given collection type.
37 [140424356292288] INFO perfrun.launcher <> - plugin [] was disabled because it doesn't support the given collection type.
37 [140424507944000] INFO perfrun.launcher <> - Application exit code: 0
37 [140424507944000] INFO perfrun.launcher <> - Exit code: 0
