8 [140554212564032] INFO perfrun.launcher <> - Launcher main begin
8 [140554212564032] INFO perfrun.launcher <> - MessageCatalogInit finished
8 [140554212564032] INFO perfrun.launcher <> - Launcher instance created
8 [140554212564032] INFO perfrun.launcher <> - argc = 7; cmdline = /opt/intel/oneapi/advisor/2023.2.0/bin64/advixe-runss --ui-output-format xml --ui-output-fd 78 --option-file /home/stud/S5892646/Downloads/MandlebrotProject/e000/hs001/config/runss.options 
49 [140554212564032] INFO perfrun.launcher <> - create msngr2::ICliToolContext
49 [140554212564032] INFO perfrun.launcher <> - create file finder object
50 [140554212564032] INFO perfrun.launcher <> - create a result directory: pattern = /home/stud/S5892646/Downloads/MandlebrotProject/e000/hs001 pid = 4294967295
51 [140554212564032] INFO perfrun.sdk <> - checked that the directory /home/stud/S5892646/Downloads/MandlebrotProject/e000/hs001 is a local directory
51 [140554212564032] INFO perfrun.sdk <> - the directory /home/stud/S5892646/Downloads/MandlebrotProject/e000/hs001 is a local directory with FS type ID 61267
51 [140554212564032] INFO perfrun.launcher <> - create data directory = /home/stud/S5892646/Downloads/MandlebrotProject/e000/hs001/data.0
51 [140554212564032] INFO perfrun.launcher <> - Creating the master collection flag
54 [140554212564032] INFO perfrun.launcher <> - Done creating the master collection flag
72 [140554060949184] INFO perfrun.launcher <> - plugin [remoteplug] was disabled because it doesn't support the given collection type.
72 [140554060949184] INFO perfrun.sdk <> - Allocating TMU :/home/stud/S5892646/Downloads/MandlebrotProject/e000/hs001/data.0/systemcollector-101750-wk006.sc
72 [140554060949184] INFO perfrun.launcher <> - plugin [] was disabled because it doesn't support the given collection type.
72 [140554060949184] INFO perfrun.launcher <> - plugin [gpu] was disabled because it doesn't support the given collection type.
72 [140554060949184] INFO perfrun.launcher <> - plugin [] was disabled because it doesn't support the given collection type.
72 [140554060949184] INFO perfrun.launcher <> - plugin [] was disabled because it doesn't support the given collection type.
72 [140554060949184] INFO perfrun.launcher <> - plugin [] was disabled because it doesn't support the given collection type.
72 [140554060949184] INFO perfrun.mrte <> - system-wide mode is 0
72 [140554060949184] INFO perfrun.mrte <> - Getting  mrte profiling environment ...
76 [140554060949184] INFO perfrun.mrte <> - INTEL_MRTE_DATA_DIR=/home/stud/S5892646/Downloads/MandlebrotProject/e000/hs001/data.0
76 [140554060949184] INFO perfrun.mrte <> - INTEL_MRTE_HOST_NAME=wk006
76 [140554060949184] INFO perfrun.mrte <> - JAVA_TOOL_OPTIONS=-agentlib:advixe_tpssmrte_javaprof_1.0 -Dsun.boot.library.path=/opt/intel/oneapi/advisor/2023.2.0/lib32/runtime:/opt/intel/oneapi/advisor/2023.2.0/lib64/runtime
76 [140554060949184] INFO perfrun.mrte <> - LD_LIBRARY_PATH=/opt/intel/oneapi/advisor/2023.2.0/lib32/runtime:/opt/intel/oneapi/advisor/2023.2.0/lib64/runtime:/opt/intel/oneapi/tbb/2021.10.0/env/../lib/intel64/gcc4.8:/opt/intel/oneapi/mpi/2021.10.0//libfabric/lib:/opt/intel/oneapi/mpi/2021.10.0//lib/release:/opt/intel/oneapi/mpi/2021.10.0//lib:/opt/intel/oneapi/mkl/2023.2.0/lib/intel64:/opt/intel/oneapi/itac/2021.10.0/slib:/opt/intel/oneapi/ipp/2021.9.0/lib/intel64:/opt/intel/oneapi/ippcp/2021.8.0/lib/intel64:/opt/intel/oneapi/ipp/2021.9.0/lib/intel64:/opt/intel/oneapi/dnnl/2023.2.0/cpu_dpcpp_gpu_dpcpp/lib:/opt/intel/oneapi/debugger/2023.2.0/gdb/intel64/lib:/opt/intel/oneapi/debugger/2023.2.0/libipt/intel64/lib:/opt/intel/oneapi/debugger/2023.2.0/dep/lib:/opt/intel/oneapi/dal/2023.2.0/lib/intel64:/opt/intel/oneapi/compiler/2023.2.1/linux/lib:/opt/intel/oneapi/compiler/2023.2.1/linux/lib/x64:/opt/intel/oneapi/compiler/2023.2.1/linux/lib/oclfpga/host/linux64/lib:/opt/intel/oneapi/compiler/2023.2.1/linux/compiler/lib/intel64_lin:/opt/intel/oneapi/ccl/2021.10.0/lib/cpu_gpu_dpcpp
76 [140554060949184] INFO perfrun.mrte <> - Data directory: /home/stud/S5892646/Downloads/MandlebrotProject/e000/hs001/data.0
76 [140554060949184] INFO perfrun.mrte <> - Mrte plugin is initialized
76 [140554060949184] INFO perfrun.launcher <> - plugin [] was disabled because it doesn't support the given collection type.
76 [140554060949184] INFO perfrun.launcher <> - plugin [] was disabled because it doesn't support the given collection type.
76 [140554060949184] INFO perfrun.launcher <> - plugin [] was disabled because it doesn't support the given collection type.
76 [140554060949184] INFO perfrun.launcher <> - plugin [] was disabled because it doesn't support the given collection type.
76 [140554060949184] INFO perfrun.launcher <> - plugin [] was disabled because it doesn't support the given collection type.
76 [140554060949184] INFO perfrun.launcher <> - plugin [] was disabled because it doesn't support the given collection type.
76 [140554060949184] INFO perfrun.launcher <> - plugin [] was disabled because it doesn't support the given collection type.
76 [140554060949184] INFO perfrun.tpss <> - initialize tpss controller
76 [140554060949184] INFO perfrun.tpss <> - configure collection mode: value = cpu:stack
76 [140554060949184] INFO perfrun.tpss <> - default obj-size-min=1024
76 [140554060949184] INFO perfrun.tpss <> - default hash-table-size=0
76 [140554060949184] INFO perfrun.launcher <> - plugin [] was disabled because it doesn't support the given collection type.
76 [140554060949184] INFO perfrun.launcher <> - plugin [] was disabled because it doesn't support the given collection type.
76 [140554060949184] INFO perfrun.launcher <> - plugin [] was disabled because it doesn't support the given collection type.
76 [140554060949184] INFO perfrun.launcher <> - plugin [] was disabled because it doesn't support the given collection type.
76 [140554060949184] INFO perfrun.launcher <> - plugin [] was disabled because it doesn't support the given collection type.
76 [140554060949184] INFO perfrun.launcher <> - plugin [] was disabled because it doesn't support the given collection type.
76 [140554060949184] INFO perfrun.launcher <> - plugin [] was disabled because it doesn't support the given collection type.
76 [140554060949184] INFO perfrun.launcher <> - plugin [] was disabled because it doesn't support the given collection type.
76 [140554060949184] INFO perfrun.launcher <> - plugin [] was disabled because it doesn't support the given collection type.
76 [140554212564032] INFO perfrun.launcher <> - set environment variable: LD_LIBRARY_PATH = /opt/intel/oneapi/advisor/2023.2.0/lib32/runtime:/opt/intel/oneapi/advisor/2023.2.0/lib64/runtime:/opt/intel/oneapi/tbb/2021.10.0/env/../lib/intel64/gcc4.8:/opt/intel/oneapi/mpi/2021.10.0//libfabric/lib:/opt/intel/oneapi/mpi/2021.10.0//lib/release:/opt/intel/oneapi/mpi/2021.10.0//lib:/opt/intel/oneapi/mkl/2023.2.0/lib/intel64:/opt/intel/oneapi/itac/2021.10.0/slib:/opt/intel/oneapi/ipp/2021.9.0/lib/intel64:/opt/intel/oneapi/ippcp/2021.8.0/lib/intel64:/opt/intel/oneapi/ipp/2021.9.0/lib/intel64:/opt/intel/oneapi/dnnl/2023.2.0/cpu_dpcpp_gpu_dpcpp/lib:/opt/intel/oneapi/debugger/2023.2.0/gdb/intel64/lib:/opt/intel/oneapi/debugger/2023.2.0/libipt/intel64/lib:/opt/intel/oneapi/debugger/2023.2.0/dep/lib:/opt/intel/oneapi/dal/2023.2.0/lib/intel64:/opt/intel/oneapi/compiler/2023.2.1/linux/lib:/opt/intel/oneapi/compiler/2023.2.1/linux/lib/x64:/opt/intel/oneapi/compiler/2023.2.1/linux/lib/oclfpga/host/linux64/lib:/opt/intel/oneapi/compiler/2023.2.1/linux/compiler/lib/intel64_lin:/opt/intel/oneapi/ccl/2021.10.0/lib/cpu_gpu_dpcpp
76 [140554212564032] INFO perfrun.launcher <> - set environment variable: INTEL_LIBITTNOTIFY32 = /opt/intel/oneapi/advisor/2023.2.0/lib32/runtime/libittnotify_collector.so
76 [140554212564032] INFO perfrun.launcher <> - set environment variable: INTEL_LIBITTNOTIFY64 = /opt/intel/oneapi/advisor/2023.2.0/lib64/runtime/libittnotify_collector.so
76 [140554212564032] INFO perfrun.launcher <> - set environment variable: INTEL_ITTNOTIFY_GROUPS = 
76 [140554212564032] INFO perfrun.launcher <> - set environment variable: INTEL_JIT_PROFILER32 = /opt/intel/oneapi/advisor/2023.2.0/lib32/runtime/libittnotify_collector.so
76 [140554212564032] INFO perfrun.launcher <> - set environment variable: INTEL_JIT_PROFILER64 = /opt/intel/oneapi/advisor/2023.2.0/lib64/runtime/libittnotify_collector.so
76 [140554212564032] INFO perfrun.launcher <> - set environment variable: ENABLE_JITPROFILING = 1
76 [140554212564032] INFO perfrun.launcher <> - set environment variable: CL_CONFIG_USE_VTUNE = True
76 [140554212564032] INFO perfrun.launcher <> - set environment variable: KMP_FORKJOIN_FRAMES = 0
76 [140554212564032] INFO perfrun.launcher <> - set environment variable: KMP_FORKJOIN_FRAMES_MODE = 0
76 [140554212564032] INFO perfrun.launcher <> - set environment variable: INTEL_MRTE_DATA_DIR = /home/stud/S5892646/Downloads/MandlebrotProject/e000/hs001/data.0
76 [140554212564032] INFO perfrun.launcher <> - set environment variable: INTEL_MRTE_HOST_NAME = wk006
76 [140554212564032] INFO perfrun.launcher <> - set environment variable: JAVA_TOOL_OPTIONS = -agentlib:advixe_tpssmrte_javaprof_1.0 -Dsun.boot.library.path=/opt/intel/oneapi/advisor/2023.2.0/lib32/runtime:/opt/intel/oneapi/advisor/2023.2.0/lib64/runtime
76 [140554212564032] INFO perfrun.launcher <> - set environment variable: LD_LIBRARY_PATH = /opt/intel/oneapi/advisor/2023.2.0/lib32/runtime:/opt/intel/oneapi/advisor/2023.2.0/lib64/runtime:/opt/intel/oneapi/tbb/2021.10.0/env/../lib/intel64/gcc4.8:/opt/intel/oneapi/mpi/2021.10.0//libfabric/lib:/opt/intel/oneapi/mpi/2021.10.0//lib/release:/opt/intel/oneapi/mpi/2021.10.0//lib:/opt/intel/oneapi/mkl/2023.2.0/lib/intel64:/opt/intel/oneapi/itac/2021.10.0/slib:/opt/intel/oneapi/ipp/2021.9.0/lib/intel64:/opt/intel/oneapi/ippcp/2021.8.0/lib/intel64:/opt/intel/oneapi/ipp/2021.9.0/lib/intel64:/opt/intel/oneapi/dnnl/2023.2.0/cpu_dpcpp_gpu_dpcpp/lib:/opt/intel/oneapi/debugger/2023.2.0/gdb/intel64/lib:/opt/intel/oneapi/debugger/2023.2.0/libipt/intel64/lib:/opt/intel/oneapi/debugger/2023.2.0/dep/lib:/opt/intel/oneapi/dal/2023.2.0/lib/intel64:/opt/intel/oneapi/compiler/2023.2.1/linux/lib:/opt/intel/oneapi/compiler/2023.2.1/linux/lib/x64:/opt/intel/oneapi/compiler/2023.2.1/linux/lib/oclfpga/host/linux64/lib:/opt/intel/oneapi/compiler/2023.2.1/linux/compiler/lib/intel64_lin:/opt/intel/oneapi/ccl/2021.10.0/lib/cpu_gpu_dpcpp
76 [140554212564032] INFO perfrun.launcher <> - RpcServer: run RPC server to handle requests
76 [140554212564032] INFO perfrun.launcher <> - Launcher: command line to start before modification = ./release/sequential/mandelbrot_sequential ./results/output.csv
76 [140554212564032] INFO perfrun.launcher <> - Launcher: command line to start after modification = /opt/intel/oneapi/advisor/2023.2.0/bin64/pin -error_file /home/stud/S5892646/Downloads/MandlebrotProject/e000/hs001/data.0/pinerr.tpsslog -detach_reattach -follow_execv -tool_load_option deepbind -t64 /opt/intel/oneapi/advisor/2023.2.0/lib64/libtpsstool.so -t /opt/intel/oneapi/advisor/2023.2.0/lib32/libtpsstool.so -server_name tpss_ipc.101750 -prd_dir /opt/intel/oneapi/advisor/2023.2.0 -- ./release/sequential/mandelbrot_sequential ./results/output.csv
76 [140554212564032] INFO perfrun.launcher <> - ProcessCreator object was created
77 [140554212564032] INFO perfrun.launcher <> - Launcher: the process was started in suspend mode
96 [140554060949184] WARN perfrun.system <> - Could not do anything with /sys/kernel/debug/kvm: boost::filesystem::status: Permission denied: "/sys/kernel/debug/kvm", at file: vcs/perfrun1/plugins/system/src/trace_writer.cpp:787
96 [140554060949184] WARN perfrun.system <> - Folder "/var/run/libvirt/qemu/"doesn't exist, at file: vcs/perfrun1/plugins/system/src/trace_writer.cpp:800
97 [140554060949184] WARN perfrun.sdk <> - Failed to find xl binary on any of the system paths: /bin, /sbin, /usr/bin, /usr/sbin., at file: vcs/perfrun1/sdk/src/utils.cpp:204
99 [140554060949184] INFO perfrun.vdso <> - Helper runtool '/opt/intel/oneapi/advisor/2023.2.0/bin32/advixe-runss -dump-vdso -r /home/stud/S5892646/Downloads/MandlebrotProject/e000/hs001 --tmp-dir /tmp/advixe-tmp-S5892646' returned 1
148 [140554060949184] INFO perfrun.vdso <> - Helper runtool '/opt/intel/oneapi/advisor/2023.2.0/bin64/advixe-runss -dump-vdso -r /home/stud/S5892646/Downloads/MandlebrotProject/e000/hs001 --tmp-dir /tmp/advixe-tmp-S5892646' returned 0
148 [140554060949184] INFO perfrun.itt <> - start itt controller for pid #101763
148 [140554060949184] INFO perfrun.tpss <> - start tpss controller for pid #101763
198 [140554212564032] INFO perfrun.launcher <> - Launcher: all plugins were started
198 [140554212564032] INFO perfrun.launcher <> - DirectoryMonitor object was created
198 [140554212564032] INFO perfrun.launcher <> - DirectoryMonitor: a callback was added
198 [140554212564032] INFO perfrun.launcher <> - DirectoryMonitor was started with pingTime = 1000
198 [140554212564032] INFO perfrun.launcher <> - DeadlineTimer is going to be constructed
198 [140554212564032] INFO perfrun.launcher <> - DeadlineTimer: a callback was added
202 [140554212564032] INFO perfrun.launcher <> - Launcher: resume the profiled application and  wait its termination or stop command
100422 [140554212564032] INFO perfrun.launcher <> - Launcher: the profiled application was terminated  with exit code = 0
100425 [140554060949184] INFO perfrun.itt <> - detach itt controller
100425 [140554060949184] INFO perfrun.itt <> - detach itt controller done
100425 [140554060949184] INFO perfrun.tpss <> - stop tpss controller
100425 [140554060949184] INFO perfrun.sdk <> - De-allocating TMU: /home/stud/S5892646/Downloads/MandlebrotProject/e000/hs001/data.0/systemcollector-101750-wk006.sc
100425 [140554060949184] INFO perfrun.system <> - closed the system trace file: /home/stud/S5892646/Downloads/MandlebrotProject/e000/hs001/data.0/systemcollector-101750-wk006.sc
100425 [140554212564032] INFO perfrun.launcher <> - Launcher: all plugins were stopped.
100425 [140554212564032] INFO perfrun.launcher <> - DeadlineTimer is going to be destroyed
100426 [140554212564032] INFO perfrun.launcher <> - DeadlineTimer was destroyed
100426 [140554212564032] INFO perfrun.launcher <> - DirectoryMonitor object was destroyed
100426 [140554212564032] WARN perfrun.launcher <> - Stop command is ignored because it is received when collection is already stopped, at file: vcs/perfrun1/launcher/src/command_handler.cpp:226
100426 [140554212564032] INFO perfrun.launcher <> - Application exit code: 0
100426 [140554212564032] INFO perfrun.launcher <> - Exit code: 0
